
-----
Test: tests/test_buy_product.py::test_buy_product_1 (call)
Start time: 2023-06-29 08:23:50.704177
Start name method: authorisation

End time: 2023-06-29 08:23:54.272425
End name method: authorisation
URL: https://www.saucedemo.com/inventory.html

-----

-----
Test: tests/test_buy_product.py::test_buy_product_1 (call)
Start time: 2023-06-29 08:23:54.273421
Start name method: select_products_1

End time: 2023-06-29 08:23:54.763471
End name method: select_products_1
URL: https://www.saucedemo.com/cart.html

-----

-----
Test: tests/test_buy_product.py::test_buy_product_1 (call)
Start time: 2023-06-29 08:23:54.763471
Start name method: product_confirmation

End time: 2023-06-29 08:23:54.950621
End name method: product_confirmation
URL: https://www.saucedemo.com/checkout-step-one.html

-----

-----
Test: tests/test_buy_product.py::test_buy_product_1 (call)
Start time: 2023-06-29 08:23:54.950621
Start name method: client_information

End time: 2023-06-29 08:23:55.887905
End name method: client_information
URL: https://www.saucedemo.com/checkout-step-two.html

-----

-----
Test: tests/test_buy_product.py::test_buy_product_1 (call)
Start time: 2023-06-29 08:23:55.887905
Start name method: payment

End time: 2023-06-29 08:23:56.027431
End name method: payment
URL: https://www.saucedemo.com/checkout-complete.html

-----

-----
Test: tests/test_buy_product.py::test_buy_product_1 (call)
Start time: 2023-06-29 08:23:56.027431
Start name method: finish

End time: 2023-06-29 08:23:56.232720
End name method: finish
URL: https://www.saucedemo.com/checkout-complete.html

-----
